c:\users\vantan\documents\atelier\children\punyopunyo\punyopunyo\release\vc140.pdb
c:\users\vantan\documents\atelier\children\punyopunyo\punyopunyo\release\bitcontroller.obj
c:\users\vantan\documents\atelier\children\punyopunyo\punyopunyo\release\source.obj
c:\users\vantan\documents\atelier\children\punyopunyo\punyopunyo\release\scene_ingame.obj
c:\users\vantan\documents\atelier\children\punyopunyo\punyopunyo\release\puyo.obj
c:\users\vantan\documents\atelier\children\punyopunyo\punyopunyo\release\gamemanager.obj
c:\users\vantan\documents\atelier\children\punyopunyo\punyopunyo\release\bitcalc.obj
c:\users\vantan\documents\atelier\children\punyopunyo\punyopunyo\release\drawstring.obj
c:\users\vantan\documents\atelier\children\punyopunyo\punyopunyo\release\inputmanager.obj
c:\users\vantan\documents\atelier\children\punyopunyo\release\punyopunyo.pdb
c:\users\vantan\documents\atelier\children\punyopunyo\punyopunyo\release\punyopunyo.tlog\cl.command.1.tlog
c:\users\vantan\documents\atelier\children\punyopunyo\punyopunyo\release\punyopunyo.tlog\cl.read.1.tlog
c:\users\vantan\documents\atelier\children\punyopunyo\punyopunyo\release\punyopunyo.tlog\cl.write.1.tlog
c:\users\vantan\documents\atelier\children\punyopunyo\punyopunyo\release\punyopunyo.tlog\link-cvtres.read.1.tlog
c:\users\vantan\documents\atelier\children\punyopunyo\punyopunyo\release\punyopunyo.tlog\link-cvtres.write.1.tlog
c:\users\vantan\documents\atelier\children\punyopunyo\punyopunyo\release\punyopunyo.tlog\link-rc.read.1.tlog
c:\users\vantan\documents\atelier\children\punyopunyo\punyopunyo\release\punyopunyo.tlog\link-rc.write.1.tlog
c:\users\vantan\documents\atelier\children\punyopunyo\punyopunyo\release\punyopunyo.tlog\link.command.1.tlog
c:\users\vantan\documents\atelier\children\punyopunyo\punyopunyo\release\punyopunyo.tlog\link.read.1.tlog
c:\users\vantan\documents\atelier\children\punyopunyo\punyopunyo\release\punyopunyo.tlog\link.write.1.tlog
